<?xml version="1.0" encoding="UTF-8"?>
<!-- Generated by org.testng.reporters.JUnitReportReporter -->
<testsuite hostname="DESKTOP-VOMLJG4" failures="0" tests="1" name="com.qa.tests.GetAPITest" time="0.574" errors="0" timestamp="2021-08-03T12:12:20 PDT" skipped="0">
  <testcase classname="com.qa.tests.GetAPITest" name="getAPITest" time="0.574"/>
  <system-out/>
</testsuite> <!-- com.qa.tests.GetAPITest -->
