<?xml version="1.0" encoding="UTF-8"?>
<!-- Generated by org.testng.reporters.JUnitReportReporter -->
<testsuite skipped="0" hostname="Gagans-MBP.attlocal.net" name="TestRunners.testRunner" tests="1" failures="0" timestamp="2020-06-01T09:25:55 PDT" time="22.432" errors="0">
  <testcase name="feature" time="22.432" classname="TestRunners.testRunner"/>
  <system-out/>
</testsuite> <!-- TestRunners.testRunner -->
